timestamp: 2014-04-21T15:52:29.626865
CREATE TABLE auth_user(
    id INTEGER PRIMARY KEY AUTOINCREMENT,
    first_name CHAR(128),
    last_name CHAR(128),
    email CHAR(512),
    password CHAR(512),
    registration_key CHAR(512),
    reset_password_key CHAR(512),
    registration_id CHAR(512)
);
success!
timestamp: 2014-04-21T15:52:29.629663
CREATE TABLE auth_group(
    id INTEGER PRIMARY KEY AUTOINCREMENT,
    role CHAR(512),
    description TEXT
);
success!
timestamp: 2014-04-21T15:52:29.631740
CREATE TABLE auth_membership(
    id INTEGER PRIMARY KEY AUTOINCREMENT,
    user_id INTEGER REFERENCES auth_user (id) ON DELETE CASCADE,
    group_id INTEGER REFERENCES auth_group (id) ON DELETE CASCADE
);
success!
timestamp: 2014-04-21T15:52:29.634089
CREATE TABLE auth_permission(
    id INTEGER PRIMARY KEY AUTOINCREMENT,
    group_id INTEGER REFERENCES auth_group (id) ON DELETE CASCADE,
    name CHAR(512),
    table_name CHAR(512),
    record_id INTEGER
);
success!
timestamp: 2014-04-21T15:52:29.636180
CREATE TABLE auth_event(
    id INTEGER PRIMARY KEY AUTOINCREMENT,
    time_stamp TIMESTAMP,
    client_ip CHAR(512),
    user_id INTEGER REFERENCES auth_user (id) ON DELETE CASCADE,
    origin CHAR(512),
    description TEXT
);
success!
timestamp: 2014-04-21T15:52:29.638071
CREATE TABLE auth_cas(
    id INTEGER PRIMARY KEY AUTOINCREMENT,
    user_id INTEGER REFERENCES auth_user (id) ON DELETE CASCADE,
    created_on TIMESTAMP,
    service CHAR(512),
    ticket CHAR(512),
    renew CHAR(1)
);
success!
timestamp: 2014-04-29T15:35:07.632000
CREATE TABLE institution(
    id INTEGER PRIMARY KEY AUTOINCREMENT,
    namn CHAR(255),
    beskrivning CHAR(1023)
);
success!
timestamp: 2014-04-29T15:35:09.014000
CREATE TABLE inriktning(
    id INTEGER PRIMARY KEY AUTOINCREMENT,
    namn CHAR(255),
    beskrivning CHAR(1023)
);
success!
timestamp: 2014-04-29T15:35:10.182000
CREATE TABLE samlasning(
    id INTEGER PRIMARY KEY AUTOINCREMENT,
    namn CHAR(255),
    beskrivning CHAR(1023)
);
success!
timestamp: 2014-04-29T15:35:11.117000
CREATE TABLE larare(
    id INTEGER PRIMARY KEY AUTOINCREMENT,
    namn CHAR(255),
    beskrivning CHAR(1023)
);
success!
timestamp: 2014-04-29T15:35:12.188000
CREATE TABLE niva(
    id INTEGER PRIMARY KEY AUTOINCREMENT,
    namn CHAR(255),
    beskrivning CHAR(1023)
);
success!
timestamp: 2014-04-29T15:35:12.402000
CREATE TABLE djup(
    id INTEGER PRIMARY KEY AUTOINCREMENT,
    namn CHAR(255),
    beskrivning CHAR(1023)
);
success!
timestamp: 2014-04-29T15:40:59.043000
CREATE TABLE program(
    id INTEGER PRIMARY KEY AUTOINCREMENT,
    namn CHAR(255),
    beskrivning CHAR(1023)
);
success!
timestamp: 2014-04-29T16:02:06.704000
CREATE TABLE institution_kursplan(
    id INTEGER PRIMARY KEY AUTOINCREMENT,
    institution INTEGER NOT NULL,
    kursplan INTEGER NOT NULL
);
success!
timestamp: 2014-04-29T16:02:07.003000
CREATE TABLE larare_kurstillfälle(
    id INTEGER PRIMARY KEY AUTOINCREMENT,
    larare INTEGER NOT NULL,
    kurstillfalle INTEGER NOT NULL
);
success!
timestamp: 2014-04-29T16:02:07.700000
CREATE TABLE studieplan(
    id INTEGER PRIMARY KEY AUTOINCREMENT,
    namn CHAR(255),
    beskrivning CHAR(1023),
    program INTEGER
);
success!
timestamp: 2014-04-29T16:02:07.953000
CREATE TABLE kursegenskap(
    id INTEGER PRIMARY KEY AUTOINCREMENT,
    namn CHAR(255),
    beskrivning CHAR(1023),
    varde INTEGER,
    vardenamn CHAR(255),
    vardebeskrivning CHAR(1023)
);
success!
success!
